<?xml version="1.0" encoding="UTF-8"?>
<Site BuildName="(empty)"
	BuildStamp="20240902-1201-Experimental"
	Name="(empty)"
	Generator="ctest-3.28.3"
	CompilerName=""
	CompilerVersion=""
	OSName="Linux"
	Hostname="ismaildrs-Inspiron-3501"
	OSRelease="6.8.0-41-generic"
	OSVersion="#41-Ubuntu SMP PREEMPT_DYNAMIC Fri Aug  2 20:41:06 UTC 2024"
	OSPlatform="x86_64"
	Is64Bits="1"
	VendorString="GenuineIntel"
	VendorID="Intel Corporation"
	FamilyID="6"
	ModelID="140"
	ProcessorCacheSize="8192"
	NumberOfLogicalCPU="8"
	NumberOfPhysicalCPU="4"
	TotalVirtualMemory="4095"
	TotalPhysicalMemory="11688"
	LogicalProcessorsPerPhysical="2"
	ProcessorClockFrequency="3800"
	>
	<Testing>
		<StartDateTime>Sep 02 15:07 +01</StartDateTime>
		<StartTestTime>1725286025</StartTestTime>
		<TestList/>
		<EndDateTime>Sep 02 15:07 +01</EndDateTime>
		<EndTestTime>1725286025</EndTestTime>
		<ElapsedMinutes>0</ElapsedMinutes>
	</Testing>
</Site>
